---------------------------------------------------------------
[ 2020-03-19T08:53:07+08:00 ] 127.0.0.1 GET www.fastadmin.com/index/user/login.html
[ error ] [0]语法解析错误: syntax error, unexpected ';'
---------------------------------------------------------------
[ 2020-03-19T08:53:22+08:00 ] 127.0.0.1 GET www.fastadmin.com/index/user/login.html
[ error ] [0]语法解析错误: syntax error, unexpected ';'
---------------------------------------------------------------
[ 2020-03-19T08:54:38+08:00 ] 127.0.0.1 GET www.fastadmin.com/index/user/login.html
[ error ] [0]语法解析错误: syntax error, unexpected ';'
---------------------------------------------------------------
[ 2020-03-19T08:54:39+08:00 ] 127.0.0.1 GET www.fastadmin.com/index/user/login.html
[ error ] [0]语法解析错误: syntax error, unexpected ';'
---------------------------------------------------------------
[ 2020-03-19T08:54:39+08:00 ] 127.0.0.1 GET www.fastadmin.com/index/user/login.html
[ error ] [0]语法解析错误: syntax error, unexpected ';'
---------------------------------------------------------------
[ 2020-03-19T08:54:39+08:00 ] 127.0.0.1 GET www.fastadmin.com/index/user/login.html
[ error ] [0]语法解析错误: syntax error, unexpected ';'
---------------------------------------------------------------
[ 2020-03-19T08:54:39+08:00 ] 127.0.0.1 GET www.fastadmin.com/index/user/login.html
[ error ] [0]语法解析错误: syntax error, unexpected ';'
---------------------------------------------------------------
[ 2020-03-19T08:54:44+08:00 ] 127.0.0.1 GET www.fastadmin.com/index/user/login.html
[ error ] [0]语法解析错误: syntax error, unexpected ';'
---------------------------------------------------------------
[ 2020-03-19T08:54:48+08:00 ] 127.0.0.1 GET www.fastadmin.com/index/user/login
[ error ] [0]语法解析错误: syntax error, unexpected ';'
---------------------------------------------------------------
[ 2020-03-19T08:58:01+08:00 ] 127.0.0.1 GET www.fastadmin.com/index/user/login.html
[ error ] [0]语法解析错误: syntax error, unexpected ';'
---------------------------------------------------------------
[ 2020-03-19T08:58:06+08:00 ] 127.0.0.1 GET www.fastadmin.com/index/user/login.html
[ error ] [0]语法解析错误: syntax error, unexpected ';'
---------------------------------------------------------------
[ 2020-03-19T09:37:05+08:00 ] 127.0.0.1 GET www.fastadmin.com/
[ error ] [8]未定义变量: url
---------------------------------------------------------------
[ 2020-03-19T09:37:08+08:00 ] 127.0.0.1 GET www.fastadmin.com/
[ error ] [8]未定义变量: url
---------------------------------------------------------------
[ 2020-03-19T09:37:12+08:00 ] 127.0.0.1 GET www.fastadmin.com/
[ error ] [8]未定义变量: url
---------------------------------------------------------------
[ 2020-03-19T09:37:13+08:00 ] 127.0.0.1 GET www.fastadmin.com/
[ error ] [8]未定义变量: url
---------------------------------------------------------------
[ 2020-03-19T09:37:14+08:00 ] 127.0.0.1 GET www.fastadmin.com/
[ error ] [8]未定义变量: url
---------------------------------------------------------------
[ 2020-03-19T09:37:37+08:00 ] 127.0.0.1 GET www.fastadmin.com/
[ error ] [8]未定义变量: url
---------------------------------------------------------------
[ 2020-03-19T09:37:37+08:00 ] 127.0.0.1 GET www.fastadmin.com/
[ error ] [8]未定义变量: url
---------------------------------------------------------------
[ 2020-03-19T09:37:43+08:00 ] 127.0.0.1 GET www.fastadmin.com/
[ error ] [8]未定义变量: url
---------------------------------------------------------------
[ 2020-03-19T09:37:44+08:00 ] 127.0.0.1 GET www.fastadmin.com/
[ error ] [8]未定义变量: url
---------------------------------------------------------------
[ 2020-03-19T09:37:44+08:00 ] 127.0.0.1 GET www.fastadmin.com/
[ error ] [8]未定义变量: url
---------------------------------------------------------------
[ 2020-03-19T09:37:44+08:00 ] 127.0.0.1 GET www.fastadmin.com/
[ error ] [8]未定义变量: url
---------------------------------------------------------------
[ 2020-03-19T09:37:45+08:00 ] 127.0.0.1 GET www.fastadmin.com/
[ error ] [8]未定义变量: url
---------------------------------------------------------------
[ 2020-03-19T09:37:45+08:00 ] 127.0.0.1 GET www.fastadmin.com/
[ error ] [8]未定义变量: url
---------------------------------------------------------------
[ 2020-03-19T09:37:45+08:00 ] 127.0.0.1 GET www.fastadmin.com/
[ error ] [8]未定义变量: url
---------------------------------------------------------------
[ 2020-03-19T09:38:25+08:00 ] 127.0.0.1 GET www.fastadmin.com/
[ error ] [8]未定义变量: url
---------------------------------------------------------------
[ 2020-03-19T09:58:52+08:00 ] 127.0.0.1 GET www.fastadmin.com/index/book/book_list.html
[ error ] [0]模板文件不存在:E:\phpstudy\PHPTutorial\WWW\20200318fastadmin\public/../application/index\view\book\book_list.html
---------------------------------------------------------------
[ 2020-03-19T10:01:57+08:00 ] 127.0.0.1 GET www.fastadmin.com/index/book/book_list.html
[ error ] [0]模板文件不存在:E:\phpstudy\PHPTutorial\WWW\20200318fastadmin\public/../application/index\view\book\book_list.html
---------------------------------------------------------------
[ 2020-03-19T10:02:00+08:00 ] 127.0.0.1 GET www.fastadmin.com/index/book/book_list.html
[ error ] [0]模板文件不存在:E:\phpstudy\PHPTutorial\WWW\20200318fastadmin\public/../application/index\view\book\book_list.html
---------------------------------------------------------------
[ 2020-03-19T10:35:08+08:00 ] 127.0.0.1 GET www.fastadmin.com/index/book/tj_book_list.html
[ error ] [0]模板文件不存在:E:\phpstudy\PHPTutorial\WWW\20200318fastadmin\public/../application/index\view\book\tj_book_list.html
---------------------------------------------------------------
[ 2020-03-19T10:36:32+08:00 ] 127.0.0.1 GET www.fastadmin.com/index/book/book_rank_list.html
[ error ] [0]模板文件不存在:E:\phpstudy\PHPTutorial\WWW\20200318fastadmin\public/../application/index\view\book\book_rank_list.html
---------------------------------------------------------------
[ 2020-03-19T10:37:18+08:00 ] 127.0.0.1 GET www.fastadmin.com/index/book/book_rank_list.html
[ error ] [0]模板文件不存在:E:\phpstudy\PHPTutorial\WWW\20200318fastadmin\public/../application/index\view\book\book_rank_list.html
---------------------------------------------------------------
[ 2020-03-19T10:38:45+08:00 ] 127.0.0.1 GET www.fastadmin.com/index/book/book_rank_list.html
[ error ] [0]模板文件不存在:E:\phpstudy\PHPTutorial\WWW\20200318fastadmin\public/../application/index\view\book\book_rank_list.html
---------------------------------------------------------------
[ 2020-03-19T10:38:51+08:00 ] 127.0.0.1 GET www.fastadmin.com/index/book/book_rank_list.html
[ error ] [0]模板文件不存在:E:\phpstudy\PHPTutorial\WWW\20200318fastadmin\public/../application/index\view\book\book_rank_list.html
---------------------------------------------------------------
[ 2020-03-19T10:38:56+08:00 ] 127.0.0.1 GET www.fastadmin.com/index/book/book_rank_list.html
[ error ] [0]模板文件不存在:E:\phpstudy\PHPTutorial\WWW\20200318fastadmin\public/../application/index\view\book\book_rank_list.html
---------------------------------------------------------------
[ 2020-03-19T10:39:15+08:00 ] 127.0.0.1 GET www.fastadmin.com/index/book/book_rank_list.html
[ error ] [0]模板文件不存在:E:\phpstudy\PHPTutorial\WWW\20200318fastadmin\public/../application/index\view\book\book_rank_list.html
---------------------------------------------------------------
[ 2020-03-19T10:40:22+08:00 ] 127.0.0.1 GET www.fastadmin.com/index/book/book_rank_list.html
[ error ] [0]模板文件不存在:E:\phpstudy\PHPTutorial\WWW\20200318fastadmin\public/../application/index\view\book\book_rank_list.html
---------------------------------------------------------------
[ 2020-03-19T10:40:23+08:00 ] 127.0.0.1 GET www.fastadmin.com/index/book/book_rank_list.html
[ error ] [0]模板文件不存在:E:\phpstudy\PHPTutorial\WWW\20200318fastadmin\public/../application/index\view\book\book_rank_list.html
---------------------------------------------------------------
[ 2020-03-19T10:40:23+08:00 ] 127.0.0.1 GET www.fastadmin.com/index/book/book_rank_list.html
[ error ] [0]模板文件不存在:E:\phpstudy\PHPTutorial\WWW\20200318fastadmin\public/../application/index\view\book\book_rank_list.html
---------------------------------------------------------------
[ 2020-03-19T10:40:23+08:00 ] 127.0.0.1 GET www.fastadmin.com/index/book/book_rank_list.html
[ error ] [0]模板文件不存在:E:\phpstudy\PHPTutorial\WWW\20200318fastadmin\public/../application/index\view\book\book_rank_list.html
---------------------------------------------------------------
[ 2020-03-19T10:40:23+08:00 ] 127.0.0.1 GET www.fastadmin.com/index/book/book_rank_list.html
[ error ] [0]模板文件不存在:E:\phpstudy\PHPTutorial\WWW\20200318fastadmin\public/../application/index\view\book\book_rank_list.html
---------------------------------------------------------------
[ 2020-03-19T10:40:26+08:00 ] 127.0.0.1 GET www.fastadmin.com/index/book/book_rank_list.html
[ error ] [0]模板文件不存在:E:\phpstudy\PHPTutorial\WWW\20200318fastadmin\public/../application/index\view\book\book_rank_list.html
---------------------------------------------------------------
[ 2020-03-19T10:40:48+08:00 ] 127.0.0.1 GET www.fastadmin.com/index/book/book_rank_list.html
[ error ] [0]模板文件不存在:E:\phpstudy\PHPTutorial\WWW\20200318fastadmin\public/../application/index\view\book\book_rank_list.html
---------------------------------------------------------------
[ 2020-03-19T10:40:59+08:00 ] 127.0.0.1 GET www.fastadmin.com/index/book/book_rank_list.html
[ error ] [0]模板文件不存在:E:\phpstudy\PHPTutorial\WWW\20200318fastadmin\public/../application/index\view\book\book_rank_list.html
---------------------------------------------------------------
[ 2020-03-19T10:41:06+08:00 ] 127.0.0.1 GET www.fastadmin.com/index/book/book_rank_list.html
[ error ] [0]模板文件不存在:E:\phpstudy\PHPTutorial\WWW\20200318fastadmin\public/../application/index\view\book\book_rank_list.html
---------------------------------------------------------------
[ 2020-03-19T10:42:01+08:00 ] 127.0.0.1 GET www.fastadmin.com/index/book/book_rank_list.html
[ error ] [0]模板文件不存在:E:\phpstudy\PHPTutorial\WWW\20200318fastadmin\public/../application/index\view\book\book_rank_list.html
---------------------------------------------------------------
[ 2020-03-19T10:42:02+08:00 ] 127.0.0.1 GET www.fastadmin.com/index/book/book_rank_list.html
[ error ] [0]模板文件不存在:E:\phpstudy\PHPTutorial\WWW\20200318fastadmin\public/../application/index\view\book\book_rank_list.html
---------------------------------------------------------------
[ 2020-03-19T10:42:02+08:00 ] 127.0.0.1 GET www.fastadmin.com/index/book/book_rank_list.html
[ error ] [0]模板文件不存在:E:\phpstudy\PHPTutorial\WWW\20200318fastadmin\public/../application/index\view\book\book_rank_list.html
---------------------------------------------------------------
[ 2020-03-19T10:42:40+08:00 ] 127.0.0.1 GET www.fastadmin.com/index/book/book_rank_list.html
[运行时间：0.061520s] [吞吐率：16.25req/s] [内存消耗：2,381.73kb] [文件加载：122]
[ info ] [ BEHAVIOR ] Run Closure @app_init [ RunTime:0.000100s ]
[ info ] [ CACHE ] INIT File
[ info ] [ BEHAVIOR ] Run Closure @app_init [ RunTime:0.002695s ]
[ info ] [ LANG ] E:\phpstudy\PHPTutorial\WWW\20200318fastadmin\thinkphp\lang\zh-cn.php
[ info ] [ ROUTE ] array (
  'type' => 'module',
  'module' => 
  array (
    0 => 'index',
    1 => 'book',
    2 => 'book_rank_list',
  ),
)
[ info ] [ HEADER ] array (
  'accept-language' => 'zh-CN,zh;q=0.9',
  'accept-encoding' => 'gzip, deflate',
  'referer' => 'http://www.fastadmin.com/index/book/special_book_list.html',
  'accept' => 'text/html,application/xhtml+xml,application/xml;q=0.9,image/webp,image/apng,*/*;q=0.8,application/signed-exchange;v=b3;q=0.9',
  'user-agent' => 'Mozilla/5.0 (Windows NT 10.0; WOW64) AppleWebKit/537.36 (KHTML, like Gecko) Chrome/81.0.4044.9 Safari/537.36',
  'upgrade-insecure-requests' => '1',
  'cache-control' => 'max-age=0',
  'connection' => 'close',
  'host' => 'www.fastadmin.com',
)
[ info ] [ PARAM ] array (
)
[ info ] [ LANG ] E:\phpstudy\PHPTutorial\WWW\20200318fastadmin\public/../application/index\lang\zh-cn.php
[ info ] [ BEHAVIOR ] Run app\common\behavior\Common @module_init [ RunTime:0.002104s ]
[ info ] [ RUN ] app\index\controller\Book->book_rank_list[ E:\phpstudy\PHPTutorial\WWW\20200318fastadmin\application\index\controller\Book.php ]
[ info ] [ LOG ] INIT File
[ error ] [0]模板文件不存在:E:\phpstudy\PHPTutorial\WWW\20200318fastadmin\public/../application/index\view\book\book_rank_list.html[E:\phpstudy\PHPTutorial\WWW\20200318fastadmin\thinkphp\library\think\view\driver\Think.php:82]
---------------------------------------------------------------
[ 2020-03-19T10:42:41+08:00 ] 127.0.0.1 GET www.fastadmin.com/index/book/book_rank_list.html
[运行时间：0.051889s] [吞吐率：19.27req/s] [内存消耗：2,381.73kb] [文件加载：122]
[ info ] [ BEHAVIOR ] Run Closure @app_init [ RunTime:0.000013s ]
[ info ] [ CACHE ] INIT File
[ info ] [ BEHAVIOR ] Run Closure @app_init [ RunTime:0.002393s ]
[ info ] [ LANG ] E:\phpstudy\PHPTutorial\WWW\20200318fastadmin\thinkphp\lang\zh-cn.php
[ info ] [ ROUTE ] array (
  'type' => 'module',
  'module' => 
  array (
    0 => 'index',
    1 => 'book',
    2 => 'book_rank_list',
  ),
)
[ info ] [ HEADER ] array (
  'accept-language' => 'zh-CN,zh;q=0.9',
  'accept-encoding' => 'gzip, deflate',
  'referer' => 'http://www.fastadmin.com/index/book/special_book_list.html',
  'accept' => 'text/html,application/xhtml+xml,application/xml;q=0.9,image/webp,image/apng,*/*;q=0.8,application/signed-exchange;v=b3;q=0.9',
  'user-agent' => 'Mozilla/5.0 (Windows NT 10.0; WOW64) AppleWebKit/537.36 (KHTML, like Gecko) Chrome/81.0.4044.9 Safari/537.36',
  'upgrade-insecure-requests' => '1',
  'cache-control' => 'max-age=0',
  'connection' => 'close',
  'host' => 'www.fastadmin.com',
)
[ info ] [ PARAM ] array (
)
[ info ] [ LANG ] E:\phpstudy\PHPTutorial\WWW\20200318fastadmin\public/../application/index\lang\zh-cn.php
[ info ] [ BEHAVIOR ] Run app\common\behavior\Common @module_init [ RunTime:0.002245s ]
[ info ] [ RUN ] app\index\controller\Book->book_rank_list[ E:\phpstudy\PHPTutorial\WWW\20200318fastadmin\application\index\controller\Book.php ]
[ info ] [ LOG ] INIT File
[ error ] [0]模板文件不存在:E:\phpstudy\PHPTutorial\WWW\20200318fastadmin\public/../application/index\view\book\book_rank_list.html[E:\phpstudy\PHPTutorial\WWW\20200318fastadmin\thinkphp\library\think\view\driver\Think.php:82]
---------------------------------------------------------------
[ 2020-03-19T10:43:13+08:00 ] 127.0.0.1 GET www.fastadmin.com/index/book/book_rank_list.html
[运行时间：0.058576s] [吞吐率：17.07req/s] [内存消耗：2,549.80kb] [文件加载：122]
[ info ] [ BEHAVIOR ] Run Closure @app_init [ RunTime:0.000013s ]
[ info ] [ CACHE ] INIT File
[ info ] [ BEHAVIOR ] Run Closure @app_init [ RunTime:0.002356s ]
[ info ] [ LANG ] E:\phpstudy\PHPTutorial\WWW\20200318fastadmin\thinkphp\lang\zh-cn.php
[ info ] [ ROUTE ] array (
  'type' => 'module',
  'module' => 
  array (
    0 => 'index',
    1 => 'book',
    2 => 'book_rank_list',
  ),
)
[ info ] [ HEADER ] array (
  'accept-language' => 'zh-CN,zh;q=0.9',
  'accept-encoding' => 'gzip, deflate',
  'referer' => 'http://www.fastadmin.com/index/book/special_book_list.html',
  'accept' => 'text/html,application/xhtml+xml,application/xml;q=0.9,image/webp,image/apng,*/*;q=0.8,application/signed-exchange;v=b3;q=0.9',
  'user-agent' => 'Mozilla/5.0 (Windows NT 10.0; WOW64) AppleWebKit/537.36 (KHTML, like Gecko) Chrome/81.0.4044.9 Safari/537.36',
  'upgrade-insecure-requests' => '1',
  'cache-control' => 'max-age=0',
  'connection' => 'close',
  'host' => 'www.fastadmin.com',
)
[ info ] [ PARAM ] array (
)
[ info ] [ LANG ] E:\phpstudy\PHPTutorial\WWW\20200318fastadmin\public/../application/index\lang\zh-cn.php
[ info ] [ BEHAVIOR ] Run app\common\behavior\Common @module_init [ RunTime:0.002033s ]
[ info ] [ RUN ] app\index\controller\Book->book_rank_list[ E:\phpstudy\PHPTutorial\WWW\20200318fastadmin\application\index\controller\Book.php ]
[ info ] [ VIEW ] E:\phpstudy\PHPTutorial\WWW\20200318fastadmin\public/../application/index\view\book\book_rank_list.html [ array (
  0 => 'user',
  1 => 'site',
  2 => 'config',
) ]
[ info ] [ LOG ] INIT File
---------------------------------------------------------------
[ 2020-03-19T10:43:15+08:00 ] 127.0.0.1 GET www.fastadmin.com/index/book/book_rank_list.html
[运行时间：0.050846s] [吞吐率：19.67req/s] [内存消耗：2,399.26kb] [文件加载：120]
[ info ] [ BEHAVIOR ] Run Closure @app_init [ RunTime:0.000013s ]
[ info ] [ CACHE ] INIT File
[ info ] [ BEHAVIOR ] Run Closure @app_init [ RunTime:0.002306s ]
[ info ] [ LANG ] E:\phpstudy\PHPTutorial\WWW\20200318fastadmin\thinkphp\lang\zh-cn.php
[ info ] [ ROUTE ] array (
  'type' => 'module',
  'module' => 
  array (
    0 => 'index',
    1 => 'book',
    2 => 'book_rank_list',
  ),
)
[ info ] [ HEADER ] array (
  'accept-language' => 'zh-CN,zh;q=0.9',
  'accept-encoding' => 'gzip, deflate',
  'referer' => 'http://www.fastadmin.com/index/book/book_rank_list.html',
  'accept' => 'text/html,application/xhtml+xml,application/xml;q=0.9,image/webp,image/apng,*/*;q=0.8,application/signed-exchange;v=b3;q=0.9',
  'user-agent' => 'Mozilla/5.0 (Windows NT 10.0; WOW64) AppleWebKit/537.36 (KHTML, like Gecko) Chrome/81.0.4044.9 Safari/537.36',
  'upgrade-insecure-requests' => '1',
  'connection' => 'close',
  'host' => 'www.fastadmin.com',
)
[ info ] [ PARAM ] array (
)
[ info ] [ LANG ] E:\phpstudy\PHPTutorial\WWW\20200318fastadmin\public/../application/index\lang\zh-cn.php
[ info ] [ BEHAVIOR ] Run app\common\behavior\Common @module_init [ RunTime:0.002604s ]
[ info ] [ RUN ] app\index\controller\Book->book_rank_list[ E:\phpstudy\PHPTutorial\WWW\20200318fastadmin\application\index\controller\Book.php ]
[ info ] [ VIEW ] E:\phpstudy\PHPTutorial\WWW\20200318fastadmin\public/../application/index\view\book\book_rank_list.html [ array (
  0 => 'user',
  1 => 'site',
  2 => 'config',
) ]
[ info ] [ LOG ] INIT File
---------------------------------------------------------------
[ 2020-03-19T10:43:16+08:00 ] 127.0.0.1 GET www.fastadmin.com/index/book/special_book_list.html
[运行时间：0.052554s] [吞吐率：19.03req/s] [内存消耗：2,387.80kb] [文件加载：120]
[ info ] [ BEHAVIOR ] Run Closure @app_init [ RunTime:0.000014s ]
[ info ] [ CACHE ] INIT File
[ info ] [ BEHAVIOR ] Run Closure @app_init [ RunTime:0.002312s ]
[ info ] [ LANG ] E:\phpstudy\PHPTutorial\WWW\20200318fastadmin\thinkphp\lang\zh-cn.php
[ info ] [ ROUTE ] array (
  'type' => 'module',
  'module' => 
  array (
    0 => 'index',
    1 => 'book',
    2 => 'special_book_list',
  ),
)
[ info ] [ HEADER ] array (
  'accept-language' => 'zh-CN,zh;q=0.9',
  'accept-encoding' => 'gzip, deflate',
  'referer' => 'http://www.fastadmin.com/index/book/book_rank_list.html',
  'accept' => 'text/html,application/xhtml+xml,application/xml;q=0.9,image/webp,image/apng,*/*;q=0.8,application/signed-exchange;v=b3;q=0.9',
  'user-agent' => 'Mozilla/5.0 (Windows NT 10.0; WOW64) AppleWebKit/537.36 (KHTML, like Gecko) Chrome/81.0.4044.9 Safari/537.36',
  'upgrade-insecure-requests' => '1',
  'connection' => 'close',
  'host' => 'www.fastadmin.com',
)
[ info ] [ PARAM ] array (
)
[ info ] [ LANG ] E:\phpstudy\PHPTutorial\WWW\20200318fastadmin\public/../application/index\lang\zh-cn.php
[ info ] [ BEHAVIOR ] Run app\common\behavior\Common @module_init [ RunTime:0.002008s ]
[ info ] [ RUN ] app\index\controller\Book->special_book_list[ E:\phpstudy\PHPTutorial\WWW\20200318fastadmin\application\index\controller\Book.php ]
[ info ] [ VIEW ] E:\phpstudy\PHPTutorial\WWW\20200318fastadmin\public/../application/index\view\book\special_book_list.html [ array (
  0 => 'user',
  1 => 'site',
  2 => 'config',
) ]
[ info ] [ LOG ] INIT File
---------------------------------------------------------------
[ 2020-03-19T10:43:16+08:00 ] 127.0.0.1 GET www.fastadmin.com/index/book/tj_book_list.html
[运行时间：0.050523s] [吞吐率：19.79req/s] [内存消耗：2,387.68kb] [文件加载：120]
[ info ] [ BEHAVIOR ] Run Closure @app_init [ RunTime:0.000013s ]
[ info ] [ CACHE ] INIT File
[ info ] [ BEHAVIOR ] Run Closure @app_init [ RunTime:0.002596s ]
[ info ] [ LANG ] E:\phpstudy\PHPTutorial\WWW\20200318fastadmin\thinkphp\lang\zh-cn.php
[ info ] [ ROUTE ] array (
  'type' => 'module',
  'module' => 
  array (
    0 => 'index',
    1 => 'book',
    2 => 'tj_book_list',
  ),
)
[ info ] [ HEADER ] array (
  'accept-language' => 'zh-CN,zh;q=0.9',
  'accept-encoding' => 'gzip, deflate',
  'referer' => 'http://www.fastadmin.com/index/book/special_book_list.html',
  'accept' => 'text/html,application/xhtml+xml,application/xml;q=0.9,image/webp,image/apng,*/*;q=0.8,application/signed-exchange;v=b3;q=0.9',
  'user-agent' => 'Mozilla/5.0 (Windows NT 10.0; WOW64) AppleWebKit/537.36 (KHTML, like Gecko) Chrome/81.0.4044.9 Safari/537.36',
  'upgrade-insecure-requests' => '1',
  'connection' => 'close',
  'host' => 'www.fastadmin.com',
)
[ info ] [ PARAM ] array (
)
[ info ] [ LANG ] E:\phpstudy\PHPTutorial\WWW\20200318fastadmin\public/../application/index\lang\zh-cn.php
[ info ] [ BEHAVIOR ] Run app\common\behavior\Common @module_init [ RunTime:0.002058s ]
[ info ] [ RUN ] app\index\controller\Book->tj_book_list[ E:\phpstudy\PHPTutorial\WWW\20200318fastadmin\application\index\controller\Book.php ]
[ info ] [ VIEW ] E:\phpstudy\PHPTutorial\WWW\20200318fastadmin\public/../application/index\view\book\tj_book_list.html [ array (
  0 => 'user',
  1 => 'site',
  2 => 'config',
) ]
[ info ] [ LOG ] INIT File
---------------------------------------------------------------
[ 2020-03-19T10:43:17+08:00 ] 127.0.0.1 GET www.fastadmin.com/index/book/tj_book_list.html
[运行时间：0.050447s] [吞吐率：19.82req/s] [内存消耗：2,387.68kb] [文件加载：120]
[ info ] [ BEHAVIOR ] Run Closure @app_init [ RunTime:0.000012s ]
[ info ] [ CACHE ] INIT File
[ info ] [ BEHAVIOR ] Run Closure @app_init [ RunTime:0.002331s ]
[ info ] [ LANG ] E:\phpstudy\PHPTutorial\WWW\20200318fastadmin\thinkphp\lang\zh-cn.php
[ info ] [ ROUTE ] array (
  'type' => 'module',
  'module' => 
  array (
    0 => 'index',
    1 => 'book',
    2 => 'tj_book_list',
  ),
)
[ info ] [ HEADER ] array (
  'accept-language' => 'zh-CN,zh;q=0.9',
  'accept-encoding' => 'gzip, deflate',
  'referer' => 'http://www.fastadmin.com/index/book/tj_book_list.html',
  'accept' => 'text/html,application/xhtml+xml,application/xml;q=0.9,image/webp,image/apng,*/*;q=0.8,application/signed-exchange;v=b3;q=0.9',
  'user-agent' => 'Mozilla/5.0 (Windows NT 10.0; WOW64) AppleWebKit/537.36 (KHTML, like Gecko) Chrome/81.0.4044.9 Safari/537.36',
  'upgrade-insecure-requests' => '1',
  'connection' => 'close',
  'host' => 'www.fastadmin.com',
)
[ info ] [ PARAM ] array (
)
[ info ] [ LANG ] E:\phpstudy\PHPTutorial\WWW\20200318fastadmin\public/../application/index\lang\zh-cn.php
[ info ] [ BEHAVIOR ] Run app\common\behavior\Common @module_init [ RunTime:0.002108s ]
[ info ] [ RUN ] app\index\controller\Book->tj_book_list[ E:\phpstudy\PHPTutorial\WWW\20200318fastadmin\application\index\controller\Book.php ]
[ info ] [ VIEW ] E:\phpstudy\PHPTutorial\WWW\20200318fastadmin\public/../application/index\view\book\tj_book_list.html [ array (
  0 => 'user',
  1 => 'site',
  2 => 'config',
) ]
[ info ] [ LOG ] INIT File
---------------------------------------------------------------
[ 2020-03-19T10:43:18+08:00 ] 127.0.0.1 GET www.fastadmin.com/index/book/special_book_list.html
[运行时间：0.051809s] [吞吐率：19.30req/s] [内存消耗：2,387.80kb] [文件加载：120]
[ info ] [ BEHAVIOR ] Run Closure @app_init [ RunTime:0.000015s ]
[ info ] [ CACHE ] INIT File
[ info ] [ BEHAVIOR ] Run Closure @app_init [ RunTime:0.002409s ]
[ info ] [ LANG ] E:\phpstudy\PHPTutorial\WWW\20200318fastadmin\thinkphp\lang\zh-cn.php
[ info ] [ ROUTE ] array (
  'type' => 'module',
  'module' => 
  array (
    0 => 'index',
    1 => 'book',
    2 => 'special_book_list',
  ),
)
[ info ] [ HEADER ] array (
  'accept-language' => 'zh-CN,zh;q=0.9',
  'accept-encoding' => 'gzip, deflate',
  'referer' => 'http://www.fastadmin.com/index/book/tj_book_list.html',
  'accept' => 'text/html,application/xhtml+xml,application/xml;q=0.9,image/webp,image/apng,*/*;q=0.8,application/signed-exchange;v=b3;q=0.9',
  'user-agent' => 'Mozilla/5.0 (Windows NT 10.0; WOW64) AppleWebKit/537.36 (KHTML, like Gecko) Chrome/81.0.4044.9 Safari/537.36',
  'upgrade-insecure-requests' => '1',
  'connection' => 'close',
  'host' => 'www.fastadmin.com',
)
[ info ] [ PARAM ] array (
)
[ info ] [ LANG ] E:\phpstudy\PHPTutorial\WWW\20200318fastadmin\public/../application/index\lang\zh-cn.php
[ info ] [ BEHAVIOR ] Run app\common\behavior\Common @module_init [ RunTime:0.001960s ]
[ info ] [ RUN ] app\index\controller\Book->special_book_list[ E:\phpstudy\PHPTutorial\WWW\20200318fastadmin\application\index\controller\Book.php ]
[ info ] [ VIEW ] E:\phpstudy\PHPTutorial\WWW\20200318fastadmin\public/../application/index\view\book\special_book_list.html [ array (
  0 => 'user',
  1 => 'site',
  2 => 'config',
) ]
[ info ] [ LOG ] INIT File
---------------------------------------------------------------
[ 2020-03-19T10:43:18+08:00 ] 127.0.0.1 GET www.fastadmin.com/index/book/book_rank_list.html
[运行时间：0.052274s] [吞吐率：19.13req/s] [内存消耗：2,399.26kb] [文件加载：120]
[ info ] [ BEHAVIOR ] Run Closure @app_init [ RunTime:0.000013s ]
[ info ] [ CACHE ] INIT File
[ info ] [ BEHAVIOR ] Run Closure @app_init [ RunTime:0.002336s ]
[ info ] [ LANG ] E:\phpstudy\PHPTutorial\WWW\20200318fastadmin\thinkphp\lang\zh-cn.php
[ info ] [ ROUTE ] array (
  'type' => 'module',
  'module' => 
  array (
    0 => 'index',
    1 => 'book',
    2 => 'book_rank_list',
  ),
)
[ info ] [ HEADER ] array (
  'accept-language' => 'zh-CN,zh;q=0.9',
  'accept-encoding' => 'gzip, deflate',
  'referer' => 'http://www.fastadmin.com/index/book/special_book_list.html',
  'accept' => 'text/html,application/xhtml+xml,application/xml;q=0.9,image/webp,image/apng,*/*;q=0.8,application/signed-exchange;v=b3;q=0.9',
  'user-agent' => 'Mozilla/5.0 (Windows NT 10.0; WOW64) AppleWebKit/537.36 (KHTML, like Gecko) Chrome/81.0.4044.9 Safari/537.36',
  'upgrade-insecure-requests' => '1',
  'connection' => 'close',
  'host' => 'www.fastadmin.com',
)
[ info ] [ PARAM ] array (
)
[ info ] [ LANG ] E:\phpstudy\PHPTutorial\WWW\20200318fastadmin\public/../application/index\lang\zh-cn.php
[ info ] [ BEHAVIOR ] Run app\common\behavior\Common @module_init [ RunTime:0.002664s ]
[ info ] [ RUN ] app\index\controller\Book->book_rank_list[ E:\phpstudy\PHPTutorial\WWW\20200318fastadmin\application\index\controller\Book.php ]
[ info ] [ VIEW ] E:\phpstudy\PHPTutorial\WWW\20200318fastadmin\public/../application/index\view\book\book_rank_list.html [ array (
  0 => 'user',
  1 => 'site',
  2 => 'config',
) ]
[ info ] [ LOG ] INIT File
---------------------------------------------------------------
[ 2020-03-19T10:43:19+08:00 ] 127.0.0.1 GET www.fastadmin.com/index/help/dg_question.html
[运行时间：0.051442s] [吞吐率：19.44req/s] [内存消耗：2,388.39kb] [文件加载：120]
[ info ] [ BEHAVIOR ] Run Closure @app_init [ RunTime:0.000014s ]
[ info ] [ CACHE ] INIT File
[ info ] [ BEHAVIOR ] Run Closure @app_init [ RunTime:0.002327s ]
[ info ] [ LANG ] E:\phpstudy\PHPTutorial\WWW\20200318fastadmin\thinkphp\lang\zh-cn.php
[ info ] [ ROUTE ] array (
  'type' => 'module',
  'module' => 
  array (
    0 => 'index',
    1 => 'help',
    2 => 'dg_question',
  ),
)
[ info ] [ HEADER ] array (
  'accept-language' => 'zh-CN,zh;q=0.9',
  'accept-encoding' => 'gzip, deflate',
  'referer' => 'http://www.fastadmin.com/index/book/book_rank_list.html',
  'accept' => 'text/html,application/xhtml+xml,application/xml;q=0.9,image/webp,image/apng,*/*;q=0.8,application/signed-exchange;v=b3;q=0.9',
  'user-agent' => 'Mozilla/5.0 (Windows NT 10.0; WOW64) AppleWebKit/537.36 (KHTML, like Gecko) Chrome/81.0.4044.9 Safari/537.36',
  'upgrade-insecure-requests' => '1',
  'connection' => 'close',
  'host' => 'www.fastadmin.com',
)
[ info ] [ PARAM ] array (
)
[ info ] [ LANG ] E:\phpstudy\PHPTutorial\WWW\20200318fastadmin\public/../application/index\lang\zh-cn.php
[ info ] [ BEHAVIOR ] Run app\common\behavior\Common @module_init [ RunTime:0.002014s ]
[ info ] [ RUN ] app\index\controller\Help->dg_question[ E:\phpstudy\PHPTutorial\WWW\20200318fastadmin\application\index\controller\Help.php ]
[ info ] [ VIEW ] E:\phpstudy\PHPTutorial\WWW\20200318fastadmin\public/../application/index\view\help\dg_question.html [ array (
  0 => 'user',
  1 => 'site',
  2 => 'config',
) ]
[ info ] [ LOG ] INIT File
---------------------------------------------------------------
[ 2020-03-19T10:43:19+08:00 ] 127.0.0.1 GET www.fastadmin.com/index/book/book_rank_list.html
[运行时间：0.053416s] [吞吐率：18.72req/s] [内存消耗：2,399.26kb] [文件加载：120]
[ info ] [ BEHAVIOR ] Run Closure @app_init [ RunTime:0.000014s ]
[ info ] [ CACHE ] INIT File
[ info ] [ BEHAVIOR ] Run Closure @app_init [ RunTime:0.002465s ]
[ info ] [ LANG ] E:\phpstudy\PHPTutorial\WWW\20200318fastadmin\thinkphp\lang\zh-cn.php
[ info ] [ ROUTE ] array (
  'type' => 'module',
  'module' => 
  array (
    0 => 'index',
    1 => 'book',
    2 => 'book_rank_list',
  ),
)
[ info ] [ HEADER ] array (
  'accept-language' => 'zh-CN,zh;q=0.9',
  'accept-encoding' => 'gzip, deflate',
  'referer' => 'http://www.fastadmin.com/index/help/dg_question.html',
  'accept' => 'text/html,application/xhtml+xml,application/xml;q=0.9,image/webp,image/apng,*/*;q=0.8,application/signed-exchange;v=b3;q=0.9',
  'user-agent' => 'Mozilla/5.0 (Windows NT 10.0; WOW64) AppleWebKit/537.36 (KHTML, like Gecko) Chrome/81.0.4044.9 Safari/537.36',
  'upgrade-insecure-requests' => '1',
  'connection' => 'close',
  'host' => 'www.fastadmin.com',
)
[ info ] [ PARAM ] array (
)
[ info ] [ LANG ] E:\phpstudy\PHPTutorial\WWW\20200318fastadmin\public/../application/index\lang\zh-cn.php
[ info ] [ BEHAVIOR ] Run app\common\behavior\Common @module_init [ RunTime:0.002044s ]
[ info ] [ RUN ] app\index\controller\Book->book_rank_list[ E:\phpstudy\PHPTutorial\WWW\20200318fastadmin\application\index\controller\Book.php ]
[ info ] [ VIEW ] E:\phpstudy\PHPTutorial\WWW\20200318fastadmin\public/../application/index\view\book\book_rank_list.html [ array (
  0 => 'user',
  1 => 'site',
  2 => 'config',
) ]
[ info ] [ LOG ] INIT File
---------------------------------------------------------------
[ 2020-03-19T10:43:20+08:00 ] 127.0.0.1 GET www.fastadmin.com/index/book/book_rank_list.html
[运行时间：0.049955s] [吞吐率：20.02req/s] [内存消耗：2,399.26kb] [文件加载：120]
[ info ] [ BEHAVIOR ] Run Closure @app_init [ RunTime:0.000013s ]
[ info ] [ CACHE ] INIT File
[ info ] [ BEHAVIOR ] Run Closure @app_init [ RunTime:0.002379s ]
[ info ] [ LANG ] E:\phpstudy\PHPTutorial\WWW\20200318fastadmin\thinkphp\lang\zh-cn.php
[ info ] [ ROUTE ] array (
  'type' => 'module',
  'module' => 
  array (
    0 => 'index',
    1 => 'book',
    2 => 'book_rank_list',
  ),
)
[ info ] [ HEADER ] array (
  'accept-language' => 'zh-CN,zh;q=0.9',
  'accept-encoding' => 'gzip, deflate',
  'referer' => 'http://www.fastadmin.com/index/book/book_rank_list.html',
  'accept' => 'text/html,application/xhtml+xml,application/xml;q=0.9,image/webp,image/apng,*/*;q=0.8,application/signed-exchange;v=b3;q=0.9',
  'user-agent' => 'Mozilla/5.0 (Windows NT 10.0; WOW64) AppleWebKit/537.36 (KHTML, like Gecko) Chrome/81.0.4044.9 Safari/537.36',
  'upgrade-insecure-requests' => '1',
  'connection' => 'close',
  'host' => 'www.fastadmin.com',
)
[ info ] [ PARAM ] array (
)
[ info ] [ LANG ] E:\phpstudy\PHPTutorial\WWW\20200318fastadmin\public/../application/index\lang\zh-cn.php
[ info ] [ BEHAVIOR ] Run app\common\behavior\Common @module_init [ RunTime:0.001932s ]
[ info ] [ RUN ] app\index\controller\Book->book_rank_list[ E:\phpstudy\PHPTutorial\WWW\20200318fastadmin\application\index\controller\Book.php ]
[ info ] [ VIEW ] E:\phpstudy\PHPTutorial\WWW\20200318fastadmin\public/../application/index\view\book\book_rank_list.html [ array (
  0 => 'user',
  1 => 'site',
  2 => 'config',
) ]
[ info ] [ LOG ] INIT File
---------------------------------------------------------------
[ 2020-03-19T10:56:04+08:00 ] 127.0.0.1 GET www.fastadmin.com/index/book/book_rank_list.html
[运行时间：0.056673s] [吞吐率：17.65req/s] [内存消耗：2,399.54kb] [文件加载：120]
[ info ] [ BEHAVIOR ] Run Closure @app_init [ RunTime:0.000103s ]
[ info ] [ CACHE ] INIT File
[ info ] [ BEHAVIOR ] Run Closure @app_init [ RunTime:0.002423s ]
[ info ] [ LANG ] E:\phpstudy\PHPTutorial\WWW\20200318fastadmin\thinkphp\lang\zh-cn.php
[ info ] [ ROUTE ] array (
  'type' => 'module',
  'module' => 
  array (
    0 => 'index',
    1 => 'book',
    2 => 'book_rank_list',
  ),
)
[ info ] [ HEADER ] array (
  'accept-language' => 'zh-CN,zh;q=0.9',
  'accept-encoding' => 'gzip, deflate',
  'referer' => 'http://www.fastadmin.com/index/book/book_rank_list.html',
  'accept' => 'text/html,application/xhtml+xml,application/xml;q=0.9,image/webp,image/apng,*/*;q=0.8,application/signed-exchange;v=b3;q=0.9',
  'user-agent' => 'Mozilla/5.0 (Windows NT 10.0; WOW64) AppleWebKit/537.36 (KHTML, like Gecko) Chrome/81.0.4044.9 Safari/537.36',
  'upgrade-insecure-requests' => '1',
  'cache-control' => 'max-age=0',
  'connection' => 'close',
  'host' => 'www.fastadmin.com',
)
[ info ] [ PARAM ] array (
)
[ info ] [ LANG ] E:\phpstudy\PHPTutorial\WWW\20200318fastadmin\public/../application/index\lang\zh-cn.php
[ info ] [ BEHAVIOR ] Run app\common\behavior\Common @module_init [ RunTime:0.002081s ]
[ info ] [ RUN ] app\index\controller\Book->book_rank_list[ E:\phpstudy\PHPTutorial\WWW\20200318fastadmin\application\index\controller\Book.php ]
[ info ] [ VIEW ] E:\phpstudy\PHPTutorial\WWW\20200318fastadmin\public/../application/index\view\book\book_rank_list.html [ array (
  0 => 'user',
  1 => 'site',
  2 => 'config',
) ]
[ info ] [ LOG ] INIT File
---------------------------------------------------------------
[ 2020-03-19T10:56:05+08:00 ] 127.0.0.1 GET www.fastadmin.com/index/book/book_rank_list.html
[运行时间：0.050849s] [吞吐率：19.67req/s] [内存消耗：2,399.26kb] [文件加载：120]
[ info ] [ BEHAVIOR ] Run Closure @app_init [ RunTime:0.000037s ]
[ info ] [ CACHE ] INIT File
[ info ] [ BEHAVIOR ] Run Closure @app_init [ RunTime:0.002551s ]
[ info ] [ LANG ] E:\phpstudy\PHPTutorial\WWW\20200318fastadmin\thinkphp\lang\zh-cn.php
[ info ] [ ROUTE ] array (
  'type' => 'module',
  'module' => 
  array (
    0 => 'index',
    1 => 'book',
    2 => 'book_rank_list',
  ),
)
[ info ] [ HEADER ] array (
  'accept-language' => 'zh-CN,zh;q=0.9',
  'accept-encoding' => 'gzip, deflate',
  'referer' => 'http://www.fastadmin.com/index/book/book_rank_list.html',
  'accept' => 'text/html,application/xhtml+xml,application/xml;q=0.9,image/webp,image/apng,*/*;q=0.8,application/signed-exchange;v=b3;q=0.9',
  'user-agent' => 'Mozilla/5.0 (Windows NT 10.0; WOW64) AppleWebKit/537.36 (KHTML, like Gecko) Chrome/81.0.4044.9 Safari/537.36',
  'upgrade-insecure-requests' => '1',
  'connection' => 'close',
  'host' => 'www.fastadmin.com',
)
[ info ] [ PARAM ] array (
)
[ info ] [ LANG ] E:\phpstudy\PHPTutorial\WWW\20200318fastadmin\public/../application/index\lang\zh-cn.php
[ info ] [ BEHAVIOR ] Run app\common\behavior\Common @module_init [ RunTime:0.001940s ]
[ info ] [ RUN ] app\index\controller\Book->book_rank_list[ E:\phpstudy\PHPTutorial\WWW\20200318fastadmin\application\index\controller\Book.php ]
[ info ] [ VIEW ] E:\phpstudy\PHPTutorial\WWW\20200318fastadmin\public/../application/index\view\book\book_rank_list.html [ array (
  0 => 'user',
  1 => 'site',
  2 => 'config',
) ]
[ info ] [ LOG ] INIT File
---------------------------------------------------------------
[ 2020-03-19T10:57:19+08:00 ] 127.0.0.1 GET www.fastadmin.com/index/book/book_rank_list.html
[运行时间：0.059206s] [吞吐率：16.89req/s] [内存消耗：2,550.03kb] [文件加载：122]
[ info ] [ BEHAVIOR ] Run Closure @app_init [ RunTime:0.000037s ]
[ info ] [ CACHE ] INIT File
[ info ] [ BEHAVIOR ] Run Closure @app_init [ RunTime:0.002431s ]
[ info ] [ LANG ] E:\phpstudy\PHPTutorial\WWW\20200318fastadmin\thinkphp\lang\zh-cn.php
[ info ] [ ROUTE ] array (
  'type' => 'module',
  'module' => 
  array (
    0 => 'index',
    1 => 'book',
    2 => 'book_rank_list',
  ),
)
[ info ] [ HEADER ] array (
  'accept-language' => 'zh-CN,zh;q=0.9',
  'accept-encoding' => 'gzip, deflate',
  'referer' => 'http://www.fastadmin.com/index/book/book_rank_list.html',
  'accept' => 'text/html,application/xhtml+xml,application/xml;q=0.9,image/webp,image/apng,*/*;q=0.8,application/signed-exchange;v=b3;q=0.9',
  'user-agent' => 'Mozilla/5.0 (Windows NT 10.0; WOW64) AppleWebKit/537.36 (KHTML, like Gecko) Chrome/81.0.4044.9 Safari/537.36',
  'upgrade-insecure-requests' => '1',
  'cache-control' => 'max-age=0',
  'connection' => 'close',
  'host' => 'www.fastadmin.com',
)
[ info ] [ PARAM ] array (
)
[ info ] [ LANG ] E:\phpstudy\PHPTutorial\WWW\20200318fastadmin\public/../application/index\lang\zh-cn.php
[ info ] [ BEHAVIOR ] Run app\common\behavior\Common @module_init [ RunTime:0.002028s ]
[ info ] [ RUN ] app\index\controller\Book->book_rank_list[ E:\phpstudy\PHPTutorial\WWW\20200318fastadmin\application\index\controller\Book.php ]
[ info ] [ VIEW ] E:\phpstudy\PHPTutorial\WWW\20200318fastadmin\public/../application/index\view\book\book_rank_list.html [ array (
  0 => 'user',
  1 => 'site',
  2 => 'config',
) ]
[ info ] [ LOG ] INIT File
---------------------------------------------------------------
[ 2020-03-19T10:57:21+08:00 ] 127.0.0.1 GET www.fastadmin.com/index/user/login.html
[运行时间：0.061352s] [吞吐率：16.30req/s] [内存消耗：2,415.51kb] [文件加载：121]
[ info ] [ BEHAVIOR ] Run Closure @app_init [ RunTime:0.000016s ]
[ info ] [ CACHE ] INIT File
[ info ] [ BEHAVIOR ] Run Closure @app_init [ RunTime:0.003126s ]
[ info ] [ LANG ] E:\phpstudy\PHPTutorial\WWW\20200318fastadmin\thinkphp\lang\zh-cn.php
[ info ] [ ROUTE ] array (
  'type' => 'module',
  'module' => 
  array (
    0 => 'index',
    1 => 'user',
    2 => 'login',
  ),
)
[ info ] [ HEADER ] array (
  'accept-language' => 'zh-CN,zh;q=0.9',
  'accept-encoding' => 'gzip, deflate',
  'referer' => 'http://www.fastadmin.com/index/book/book_rank_list.html',
  'accept' => 'text/html,application/xhtml+xml,application/xml;q=0.9,image/webp,image/apng,*/*;q=0.8,application/signed-exchange;v=b3;q=0.9',
  'user-agent' => 'Mozilla/5.0 (Windows NT 10.0; WOW64) AppleWebKit/537.36 (KHTML, like Gecko) Chrome/81.0.4044.9 Safari/537.36',
  'upgrade-insecure-requests' => '1',
  'connection' => 'close',
  'host' => 'www.fastadmin.com',
)
[ info ] [ PARAM ] array (
)
[ info ] [ LANG ] E:\phpstudy\PHPTutorial\WWW\20200318fastadmin\public/../application/index\lang\zh-cn.php
[ info ] [ BEHAVIOR ] Run app\common\behavior\Common @module_init [ RunTime:0.002046s ]
[ info ] [ LANG ] E:\phpstudy\PHPTutorial\WWW\20200318fastadmin\public/../application/index/lang/zh-cn/user.php
[ info ] [ RUN ] app\index\controller\User->login[ E:\phpstudy\PHPTutorial\WWW\20200318fastadmin\application\index\controller\User.php ]
[ info ] [ VIEW ] E:\phpstudy\PHPTutorial\WWW\20200318fastadmin\public/../application/index\view\user\login.html [ array (
  0 => 'user',
  1 => 'site',
  2 => 'config',
  3 => 'url',
  4 => 'title',
) ]
[ info ] [ LOG ] INIT File
---------------------------------------------------------------
[ 2020-03-19T10:57:22+08:00 ] 127.0.0.1 GET www.fastadmin.com/index/user/register.html
[运行时间：0.052802s] [吞吐率：18.94req/s] [内存消耗：2,412.59kb] [文件加载：121]
[ info ] [ BEHAVIOR ] Run Closure @app_init [ RunTime:0.000014s ]
[ info ] [ CACHE ] INIT File
[ info ] [ BEHAVIOR ] Run Closure @app_init [ RunTime:0.002279s ]
[ info ] [ LANG ] E:\phpstudy\PHPTutorial\WWW\20200318fastadmin\thinkphp\lang\zh-cn.php
[ info ] [ ROUTE ] array (
  'type' => 'module',
  'module' => 
  array (
    0 => 'index',
    1 => 'user',
    2 => 'register',
  ),
)
[ info ] [ HEADER ] array (
  'accept-language' => 'zh-CN,zh;q=0.9',
  'accept-encoding' => 'gzip, deflate',
  'referer' => 'http://www.fastadmin.com/index/user/login.html',
  'accept' => 'text/html,application/xhtml+xml,application/xml;q=0.9,image/webp,image/apng,*/*;q=0.8,application/signed-exchange;v=b3;q=0.9',
  'user-agent' => 'Mozilla/5.0 (Windows NT 10.0; WOW64) AppleWebKit/537.36 (KHTML, like Gecko) Chrome/81.0.4044.9 Safari/537.36',
  'upgrade-insecure-requests' => '1',
  'connection' => 'close',
  'host' => 'www.fastadmin.com',
)
[ info ] [ PARAM ] array (
)
[ info ] [ LANG ] E:\phpstudy\PHPTutorial\WWW\20200318fastadmin\public/../application/index\lang\zh-cn.php
[ info ] [ BEHAVIOR ] Run app\common\behavior\Common @module_init [ RunTime:0.001881s ]
[ info ] [ LANG ] E:\phpstudy\PHPTutorial\WWW\20200318fastadmin\public/../application/index/lang/zh-cn/user.php
[ info ] [ RUN ] app\index\controller\User->register[ E:\phpstudy\PHPTutorial\WWW\20200318fastadmin\application\index\controller\User.php ]
[ info ] [ VIEW ] E:\phpstudy\PHPTutorial\WWW\20200318fastadmin\public/../application/index\view\user\register.html [ array (
  0 => 'user',
  1 => 'site',
  2 => 'config',
  3 => 'captchaType',
  4 => 'url',
  5 => 'title',
) ]
[ info ] [ LOG ] INIT File
---------------------------------------------------------------
[ 2020-03-19T10:57:23+08:00 ] 127.0.0.1 GET www.fastadmin.com/index/user/register.html
[运行时间：0.052353s] [吞吐率：19.10req/s] [内存消耗：2,412.60kb] [文件加载：121]
[ info ] [ BEHAVIOR ] Run Closure @app_init [ RunTime:0.000014s ]
[ info ] [ CACHE ] INIT File
[ info ] [ BEHAVIOR ] Run Closure @app_init [ RunTime:0.002891s ]
[ info ] [ LANG ] E:\phpstudy\PHPTutorial\WWW\20200318fastadmin\thinkphp\lang\zh-cn.php
[ info ] [ ROUTE ] array (
  'type' => 'module',
  'module' => 
  array (
    0 => 'index',
    1 => 'user',
    2 => 'register',
  ),
)
[ info ] [ HEADER ] array (
  'accept-language' => 'zh-CN,zh;q=0.9',
  'accept-encoding' => 'gzip, deflate',
  'referer' => 'http://www.fastadmin.com/index/user/register.html',
  'accept' => 'text/html,application/xhtml+xml,application/xml;q=0.9,image/webp,image/apng,*/*;q=0.8,application/signed-exchange;v=b3;q=0.9',
  'user-agent' => 'Mozilla/5.0 (Windows NT 10.0; WOW64) AppleWebKit/537.36 (KHTML, like Gecko) Chrome/81.0.4044.9 Safari/537.36',
  'upgrade-insecure-requests' => '1',
  'connection' => 'close',
  'host' => 'www.fastadmin.com',
)
[ info ] [ PARAM ] array (
)
[ info ] [ LANG ] E:\phpstudy\PHPTutorial\WWW\20200318fastadmin\public/../application/index\lang\zh-cn.php
[ info ] [ BEHAVIOR ] Run app\common\behavior\Common @module_init [ RunTime:0.002736s ]
[ info ] [ LANG ] E:\phpstudy\PHPTutorial\WWW\20200318fastadmin\public/../application/index/lang/zh-cn/user.php
[ info ] [ RUN ] app\index\controller\User->register[ E:\phpstudy\PHPTutorial\WWW\20200318fastadmin\application\index\controller\User.php ]
[ info ] [ VIEW ] E:\phpstudy\PHPTutorial\WWW\20200318fastadmin\public/../application/index\view\user\register.html [ array (
  0 => 'user',
  1 => 'site',
  2 => 'config',
  3 => 'captchaType',
  4 => 'url',
  5 => 'title',
) ]
[ info ] [ LOG ] INIT File
---------------------------------------------------------------
[ 2020-03-19T10:57:24+08:00 ] 127.0.0.1 GET www.fastadmin.com/index/user/register.html
[运行时间：0.050682s] [吞吐率：19.73req/s] [内存消耗：2,412.60kb] [文件加载：121]
[ info ] [ BEHAVIOR ] Run Closure @app_init [ RunTime:0.000013s ]
[ info ] [ CACHE ] INIT File
[ info ] [ BEHAVIOR ] Run Closure @app_init [ RunTime:0.002951s ]
[ info ] [ LANG ] E:\phpstudy\PHPTutorial\WWW\20200318fastadmin\thinkphp\lang\zh-cn.php
[ info ] [ ROUTE ] array (
  'type' => 'module',
  'module' => 
  array (
    0 => 'index',
    1 => 'user',
    2 => 'register',
  ),
)
[ info ] [ HEADER ] array (
  'accept-language' => 'zh-CN,zh;q=0.9',
  'accept-encoding' => 'gzip, deflate',
  'referer' => 'http://www.fastadmin.com/index/user/register.html',
  'accept' => 'text/html,application/xhtml+xml,application/xml;q=0.9,image/webp,image/apng,*/*;q=0.8,application/signed-exchange;v=b3;q=0.9',
  'user-agent' => 'Mozilla/5.0 (Windows NT 10.0; WOW64) AppleWebKit/537.36 (KHTML, like Gecko) Chrome/81.0.4044.9 Safari/537.36',
  'upgrade-insecure-requests' => '1',
  'connection' => 'close',
  'host' => 'www.fastadmin.com',
)
[ info ] [ PARAM ] array (
)
[ info ] [ LANG ] E:\phpstudy\PHPTutorial\WWW\20200318fastadmin\public/../application/index\lang\zh-cn.php
[ info ] [ BEHAVIOR ] Run app\common\behavior\Common @module_init [ RunTime:0.001916s ]
[ info ] [ LANG ] E:\phpstudy\PHPTutorial\WWW\20200318fastadmin\public/../application/index/lang/zh-cn/user.php
[ info ] [ RUN ] app\index\controller\User->register[ E:\phpstudy\PHPTutorial\WWW\20200318fastadmin\application\index\controller\User.php ]
[ info ] [ VIEW ] E:\phpstudy\PHPTutorial\WWW\20200318fastadmin\public/../application/index\view\user\register.html [ array (
  0 => 'user',
  1 => 'site',
  2 => 'config',
  3 => 'captchaType',
  4 => 'url',
  5 => 'title',
) ]
[ info ] [ LOG ] INIT File
---------------------------------------------------------------
[ 2020-03-19T10:57:24+08:00 ] 127.0.0.1 GET www.fastadmin.com/index/user/register.html
[运行时间：0.053147s] [吞吐率：18.82req/s] [内存消耗：2,412.60kb] [文件加载：121]
[ info ] [ BEHAVIOR ] Run Closure @app_init [ RunTime:0.000013s ]
[ info ] [ CACHE ] INIT File
[ info ] [ BEHAVIOR ] Run Closure @app_init [ RunTime:0.002413s ]
[ info ] [ LANG ] E:\phpstudy\PHPTutorial\WWW\20200318fastadmin\thinkphp\lang\zh-cn.php
[ info ] [ ROUTE ] array (
  'type' => 'module',
  'module' => 
  array (
    0 => 'index',
    1 => 'user',
    2 => 'register',
  ),
)
[ info ] [ HEADER ] array (
  'accept-language' => 'zh-CN,zh;q=0.9',
  'accept-encoding' => 'gzip, deflate',
  'referer' => 'http://www.fastadmin.com/index/user/register.html',
  'accept' => 'text/html,application/xhtml+xml,application/xml;q=0.9,image/webp,image/apng,*/*;q=0.8,application/signed-exchange;v=b3;q=0.9',
  'user-agent' => 'Mozilla/5.0 (Windows NT 10.0; WOW64) AppleWebKit/537.36 (KHTML, like Gecko) Chrome/81.0.4044.9 Safari/537.36',
  'upgrade-insecure-requests' => '1',
  'connection' => 'close',
  'host' => 'www.fastadmin.com',
)
[ info ] [ PARAM ] array (
)
[ info ] [ LANG ] E:\phpstudy\PHPTutorial\WWW\20200318fastadmin\public/../application/index\lang\zh-cn.php
[ info ] [ BEHAVIOR ] Run app\common\behavior\Common @module_init [ RunTime:0.001915s ]
[ info ] [ LANG ] E:\phpstudy\PHPTutorial\WWW\20200318fastadmin\public/../application/index/lang/zh-cn/user.php
[ info ] [ RUN ] app\index\controller\User->register[ E:\phpstudy\PHPTutorial\WWW\20200318fastadmin\application\index\controller\User.php ]
[ info ] [ VIEW ] E:\phpstudy\PHPTutorial\WWW\20200318fastadmin\public/../application/index\view\user\register.html [ array (
  0 => 'user',
  1 => 'site',
  2 => 'config',
  3 => 'captchaType',
  4 => 'url',
  5 => 'title',
) ]
[ info ] [ LOG ] INIT File
---------------------------------------------------------------
[ 2020-03-19T10:57:25+08:00 ] 127.0.0.1 GET www.fastadmin.com/
[运行时间：0.058886s] [吞吐率：16.98req/s] [内存消耗：2,602.35kb] [文件加载：123]
[ info ] [ BEHAVIOR ] Run Closure @app_init [ RunTime:0.000012s ]
[ info ] [ CACHE ] INIT File
[ info ] [ BEHAVIOR ] Run Closure @app_init [ RunTime:0.002993s ]
[ info ] [ LANG ] E:\phpstudy\PHPTutorial\WWW\20200318fastadmin\thinkphp\lang\zh-cn.php
[ info ] [ ROUTE ] array (
  'type' => 'module',
  'module' => 
  array (
    0 => '',
    1 => NULL,
    2 => NULL,
  ),
)
[ info ] [ HEADER ] array (
  'accept-language' => 'zh-CN,zh;q=0.9',
  'accept-encoding' => 'gzip, deflate',
  'referer' => 'http://www.fastadmin.com/index/user/register.html',
  'accept' => 'text/html,application/xhtml+xml,application/xml;q=0.9,image/webp,image/apng,*/*;q=0.8,application/signed-exchange;v=b3;q=0.9',
  'user-agent' => 'Mozilla/5.0 (Windows NT 10.0; WOW64) AppleWebKit/537.36 (KHTML, like Gecko) Chrome/81.0.4044.9 Safari/537.36',
  'upgrade-insecure-requests' => '1',
  'connection' => 'close',
  'host' => 'www.fastadmin.com',
)
[ info ] [ PARAM ] array (
)
[ info ] [ LANG ] E:\phpstudy\PHPTutorial\WWW\20200318fastadmin\public/../application/index\lang\zh-cn.php
[ info ] [ BEHAVIOR ] Run app\common\behavior\Common @module_init [ RunTime:0.002470s ]
[ info ] [ LANG ] E:\phpstudy\PHPTutorial\WWW\20200318fastadmin\public/../application/index/lang/zh-cn/index.php
[ info ] [ RUN ] app\index\controller\Index->index[ E:\phpstudy\PHPTutorial\WWW\20200318fastadmin\application\index\controller\Index.php ]
[ info ] [ VIEW ] E:\phpstudy\PHPTutorial\WWW\20200318fastadmin\public/../application/index\view\index\index.html [ array (
  0 => 'user',
  1 => 'site',
  2 => 'config',
) ]
[ info ] [ LOG ] INIT File
---------------------------------------------------------------
[ 2020-03-19T10:57:26+08:00 ] 127.0.0.1 GET www.fastadmin.com/index/book/book_gj_seach.html
[运行时间：0.059178s] [吞吐率：16.90req/s] [内存消耗：2,546.69kb] [文件加载：122]
[ info ] [ BEHAVIOR ] Run Closure @app_init [ RunTime:0.000014s ]
[ info ] [ CACHE ] INIT File
[ info ] [ BEHAVIOR ] Run Closure @app_init [ RunTime:0.002402s ]
[ info ] [ LANG ] E:\phpstudy\PHPTutorial\WWW\20200318fastadmin\thinkphp\lang\zh-cn.php
[ info ] [ ROUTE ] array (
  'type' => 'module',
  'module' => 
  array (
    0 => 'index',
    1 => 'book',
    2 => 'book_gj_seach',
  ),
)
[ info ] [ HEADER ] array (
  'accept-language' => 'zh-CN,zh;q=0.9',
  'accept-encoding' => 'gzip, deflate',
  'referer' => 'http://www.fastadmin.com/',
  'accept' => 'text/html,application/xhtml+xml,application/xml;q=0.9,image/webp,image/apng,*/*;q=0.8,application/signed-exchange;v=b3;q=0.9',
  'user-agent' => 'Mozilla/5.0 (Windows NT 10.0; WOW64) AppleWebKit/537.36 (KHTML, like Gecko) Chrome/81.0.4044.9 Safari/537.36',
  'upgrade-insecure-requests' => '1',
  'connection' => 'close',
  'host' => 'www.fastadmin.com',
)
[ info ] [ PARAM ] array (
)
[ info ] [ LANG ] E:\phpstudy\PHPTutorial\WWW\20200318fastadmin\public/../application/index\lang\zh-cn.php
[ info ] [ BEHAVIOR ] Run app\common\behavior\Common @module_init [ RunTime:0.001992s ]
[ info ] [ RUN ] app\index\controller\Book->book_gj_seach[ E:\phpstudy\PHPTutorial\WWW\20200318fastadmin\application\index\controller\Book.php ]
[ info ] [ VIEW ] E:\phpstudy\PHPTutorial\WWW\20200318fastadmin\public/../application/index\view\book\book_gj_seach.html [ array (
  0 => 'user',
  1 => 'site',
  2 => 'config',
) ]
[ info ] [ LOG ] INIT File
---------------------------------------------------------------
[ 2020-03-19T13:08:29+08:00 ] 127.0.0.1 GET www.fastadmin.com/TMgxjoNnkF.php/user/user?ref=addtabs
[运行时间：0.084873s] [吞吐率：11.78req/s] [内存消耗：2,335.57kb] [文件加载：122]
[ info ] [ BEHAVIOR ] Run Closure @app_init [ RunTime:0.000113s ]
[ info ] [ CACHE ] INIT File
[ info ] [ BEHAVIOR ] Run Closure @app_init [ RunTime:0.003075s ]
[ info ] [ LANG ] E:\phpstudy\PHPTutorial\WWW\20200318fastadmin\thinkphp\lang\zh-cn.php
[ info ] [ ROUTE ] array (
  'type' => 'module',
  'module' => 
  array (
    0 => 'admin',
    1 => 'user.user',
    2 => NULL,
  ),
)
[ info ] [ HEADER ] array (
  'accept-language' => 'zh-CN,zh;q=0.9',
  'accept-encoding' => 'gzip, deflate',
  'accept' => 'text/html,application/xhtml+xml,application/xml;q=0.9,image/webp,image/apng,*/*;q=0.8,application/signed-exchange;v=b3;q=0.9',
  'user-agent' => 'Mozilla/5.0 (Windows NT 10.0; WOW64) AppleWebKit/537.36 (KHTML, like Gecko) Chrome/81.0.4044.9 Safari/537.36',
  'upgrade-insecure-requests' => '1',
  'connection' => 'close',
  'host' => 'www.fastadmin.com',
)
[ info ] [ PARAM ] array (
  'ref' => 'addtabs',
)
[ info ] [ LANG ] E:\phpstudy\PHPTutorial\WWW\20200318fastadmin\public/../application/admin\lang\zh-cn.php
[ info ] [ BEHAVIOR ] Run app\common\behavior\Common @module_init [ RunTime:0.002658s ]
[ info ] [ SESSION ] INIT array (
  'id' => '',
  'var_session_id' => '',
  'prefix' => 'think',
  'type' => '',
  'auto_start' => true,
)
[ info ] [ VIEW ] E:\phpstudy\PHPTutorial\WWW\20200318fastadmin\public/../application/common\view\tpl\dispatch_jump.tpl [ array (
  0 => 'code',
  1 => 'msg',
  2 => 'data',
  3 => 'url',
  4 => 'wait',
) ]
[ info ] [ BEHAVIOR ] Run app\admin\behavior\AdminLog @app_end [ RunTime:0.000666s ]
[ info ] [ LOG ] INIT File
---------------------------------------------------------------
[ 2020-03-19T13:08:31+08:00 ] 127.0.0.1 GET www.fastadmin.com/TMgxjoNnkF.php/index/login?url=%2FTMgxjoNnkF.php%2Fuser%2Fuser%3Fref%3Daddtabs
[运行时间：0.065770s] [吞吐率：15.20req/s] [内存消耗：2,725.71kb] [文件加载：127]
[ info ] [ BEHAVIOR ] Run Closure @app_init [ RunTime:0.000013s ]
[ info ] [ CACHE ] INIT File
[ info ] [ BEHAVIOR ] Run Closure @app_init [ RunTime:0.002642s ]
[ info ] [ LANG ] E:\phpstudy\PHPTutorial\WWW\20200318fastadmin\thinkphp\lang\zh-cn.php
[ info ] [ ROUTE ] array (
  'type' => 'module',
  'module' => 
  array (
    0 => 'admin',
    1 => 'index',
    2 => 'login',
  ),
)
[ info ] [ HEADER ] array (
  'cookie' => 'PHPSESSID=d6k5t3g4hqnji0m19f1shqf6q3',
  'accept-language' => 'zh-CN,zh;q=0.9',
  'accept-encoding' => 'gzip, deflate',
  'referer' => 'http://www.fastadmin.com/TMgxjoNnkF.php/user/user?ref=addtabs',
  'accept' => 'text/html,application/xhtml+xml,application/xml;q=0.9,image/webp,image/apng,*/*;q=0.8,application/signed-exchange;v=b3;q=0.9',
  'user-agent' => 'Mozilla/5.0 (Windows NT 10.0; WOW64) AppleWebKit/537.36 (KHTML, like Gecko) Chrome/81.0.4044.9 Safari/537.36',
  'upgrade-insecure-requests' => '1',
  'connection' => 'close',
  'host' => 'www.fastadmin.com',
)
[ info ] [ PARAM ] array (
  'url' => '/TMgxjoNnkF.php/user/user?ref=addtabs',
)
[ info ] [ LANG ] E:\phpstudy\PHPTutorial\WWW\20200318fastadmin\public/../application/admin\lang\zh-cn.php
[ info ] [ BEHAVIOR ] Run app\common\behavior\Common @module_init [ RunTime:0.001981s ]
[ info ] [ SESSION ] INIT array (
  'id' => '',
  'var_session_id' => '',
  'prefix' => 'think',
  'type' => '',
  'auto_start' => true,
)
[ info ] [ LANG ] E:\phpstudy\PHPTutorial\WWW\20200318fastadmin\public/../application/admin/lang/zh-cn/index.php
[ info ] [ RUN ] app\admin\controller\Index->login[ E:\phpstudy\PHPTutorial\WWW\20200318fastadmin\application\admin\controller\Index.php ]
[ info ] [ VIEW ] E:\phpstudy\PHPTutorial\WWW\20200318fastadmin\public/../application/admin\view\index\login.html [ array (
  0 => 'breadcrumb',
  1 => 'site',
  2 => 'config',
  3 => 'auth',
  4 => 'admin',
  5 => 'background',
  6 => 'title',
) ]
[ info ] [ BEHAVIOR ] Run app\admin\behavior\AdminLog @app_end [ RunTime:0.000706s ]
[ info ] [ LOG ] INIT File
---------------------------------------------------------------
[ 2020-03-19T13:08:31+08:00 ] 127.0.0.1 GET www.fastadmin.com/index.php?s=/captcha
[运行时间：0.051116s] [吞吐率：19.56req/s] [内存消耗：1,637.10kb] [文件加载：105]
[ info ] [ BEHAVIOR ] Run Closure @app_init [ RunTime:0.000016s ]
[ info ] [ CACHE ] INIT File
[ info ] [ BEHAVIOR ] Run Closure @app_init [ RunTime:0.002476s ]
[ info ] [ LANG ] E:\phpstudy\PHPTutorial\WWW\20200318fastadmin\thinkphp\lang\zh-cn.php
[ info ] [ ROUTE ] array (
  'type' => 'method',
  'method' => 
  array (
    0 => '\\think\\captcha\\CaptchaController',
    1 => 'index',
  ),
  'var' => 
  array (
  ),
)
[ info ] [ HEADER ] array (
  'cookie' => 'PHPSESSID=d6k5t3g4hqnji0m19f1shqf6q3',
  'accept-language' => 'zh-CN,zh;q=0.9',
  'accept-encoding' => 'gzip, deflate',
  'referer' => 'http://www.fastadmin.com/TMgxjoNnkF.php/index/login?url=%2FTMgxjoNnkF.php%2Fuser%2Fuser%3Fref%3Daddtabs',
  'accept' => 'image/webp,image/apng,image/*,*/*;q=0.8',
  'user-agent' => 'Mozilla/5.0 (Windows NT 10.0; WOW64) AppleWebKit/537.36 (KHTML, like Gecko) Chrome/81.0.4044.9 Safari/537.36',
  'connection' => 'close',
  'host' => 'www.fastadmin.com',
)
[ info ] [ PARAM ] array (
  'id' => NULL,
)
[ info ] [ RUN ] think\captcha\CaptchaController->index[ E:\phpstudy\PHPTutorial\WWW\20200318fastadmin\vendor\topthink\think-captcha\src\CaptchaController.php ]
[ info ] [ SESSION ] INIT array (
  'id' => '',
  'var_session_id' => '',
  'prefix' => 'think',
  'type' => '',
  'auto_start' => true,
)
[ info ] [ LOG ] INIT File
---------------------------------------------------------------
[ 2020-03-19T13:08:31+08:00 ] 127.0.0.1 GET www.fastadmin.com/TMgxjoNnkF.php/ajax/lang?callback=define&controllername=index&v=1584594511
[运行时间：0.059920s] [吞吐率：16.69req/s] [内存消耗：2,605.34kb] [文件加载：125]
[ info ] [ BEHAVIOR ] Run Closure @app_init [ RunTime:0.000016s ]
[ info ] [ CACHE ] INIT File
[ info ] [ BEHAVIOR ] Run Closure @app_init [ RunTime:0.002688s ]
[ info ] [ LANG ] E:\phpstudy\PHPTutorial\WWW\20200318fastadmin\thinkphp\lang\zh-cn.php
[ info ] [ ROUTE ] array (
  'type' => 'module',
  'module' => 
  array (
    0 => 'admin',
    1 => 'ajax',
    2 => 'lang',
  ),
)
[ info ] [ HEADER ] array (
  'cookie' => 'PHPSESSID=d6k5t3g4hqnji0m19f1shqf6q3',
  'accept-language' => 'zh-CN,zh;q=0.9',
  'accept-encoding' => 'gzip, deflate',
  'referer' => 'http://www.fastadmin.com/TMgxjoNnkF.php/index/login?url=%2FTMgxjoNnkF.php%2Fuser%2Fuser%3Fref%3Daddtabs',
  'accept' => '*/*',
  'user-agent' => 'Mozilla/5.0 (Windows NT 10.0; WOW64) AppleWebKit/537.36 (KHTML, like Gecko) Chrome/81.0.4044.9 Safari/537.36',
  'connection' => 'close',
  'host' => 'www.fastadmin.com',
)
[ info ] [ PARAM ] array (
  'callback' => 'define',
  'controllername' => 'index',
  'v' => '1584594511',
)
[ info ] [ LANG ] E:\phpstudy\PHPTutorial\WWW\20200318fastadmin\public/../application/admin\lang\zh-cn.php
[ info ] [ BEHAVIOR ] Run app\common\behavior\Common @module_init [ RunTime:0.002101s ]
[ info ] [ SESSION ] INIT array (
  'id' => '',
  'var_session_id' => '',
  'prefix' => 'think',
  'type' => '',
  'auto_start' => true,
)
[ info ] [ LANG ] E:\phpstudy\PHPTutorial\WWW\20200318fastadmin\public/../application/admin/lang/zh-cn/ajax.php
[ info ] [ RUN ] app\admin\controller\Ajax->lang[ E:\phpstudy\PHPTutorial\WWW\20200318fastadmin\application\admin\controller\Ajax.php ]
[ info ] [ LANG ] E:\phpstudy\PHPTutorial\WWW\20200318fastadmin\public/../application/admin/lang/zh-cn/index.php
[ info ] [ BEHAVIOR ] Run app\admin\behavior\AdminLog @app_end [ RunTime:0.000677s ]
[ info ] [ LOG ] INIT File
