---------------------------------------------------------------
[ 2020-03-21T14:27:41+08:00 ] 47.101.201.1 GET qx564.host.flyingsteed.com/
[运行时间：0.189519s] [吞吐率：5.28req/s] [内存消耗：2,831.53kb] [文件加载：121]
[ info ] [ BEHAVIOR ] Run Closure @app_init [ RunTime:0.000024s ]
[ info ] [ CACHE ] INIT File
[ info ] [ BEHAVIOR ] Run Closure @app_init [ RunTime:0.005632s ]
[ info ] [ LANG ] /www/wwwroot/qx564.host.flyingsteed.com/20200318fastadmin/thinkphp/lang/zh-cn.php
[ info ] [ ROUTE ] array (
  'type' => 'module',
  'module' => 
  array (
    0 => '',
    1 => NULL,
    2 => NULL,
  ),
)
[ info ] [ HEADER ] array (
  'x-alicdn-da-via' => '117.25.133.179,27.159.78.249',
  'ali-swift-wildcard-dns' => 'all.host.flyingsteed.com',
  'accept-encoding' => 'gzip',
  'user-agent' => 'Mozilla/5.0 (X11; Ubuntu; Linux x86_64; rv:36.0) Gecko/20100101 Firefox/36.0',
  'x-client-scheme' => 'http',
  'x-forwarded-for' => '47.101.201.1',
  'ali-swift-stat-host' => 'all.host.flyingsteed.com',
  'ali-swift-log-host' => 'qx564.host.flyingsteed.com',
  'ali-cdn-real-ip' => '47.101.201.1',
  'ali-cdn-real-port' => '43875',
  'eagleeye-traceid' => '6e5084a015847720615104479e',
  'via' => 'cn210.l1, l2cn1800.l2',
  'host' => 'qx564.host.flyingsteed.com',
  'content-type' => '',
  'content-length' => '',
)
[ info ] [ PARAM ] array (
)
[ info ] [ LANG ] /www/wwwroot/qx564.host.flyingsteed.com/20200318fastadmin/public/../application/index/lang/zh-cn.php
[ info ] [ BEHAVIOR ] Run app\common\behavior\Common @module_init [ RunTime:0.005690s ]
[ info ] [ LANG ] /www/wwwroot/qx564.host.flyingsteed.com/20200318fastadmin/public/../application/index/lang/zh-cn/index.php
[ info ] [ RUN ] app\index\controller\Index->index[ /www/wwwroot/qx564.host.flyingsteed.com/20200318fastadmin/application/index/controller/Index.php ]
[ info ] [ VIEW ] /www/wwwroot/qx564.host.flyingsteed.com/20200318fastadmin/public/../application/index/view/index/index.html [ array (
  0 => 'user',
  1 => 'site',
  2 => 'config',
) ]
[ info ] [ LOG ] INIT File
